This is pdfTeX, Version 3.14159265-2.6-1.40.18 (MiKTeX 2.9.6300 64-bit) (preloaded format=pdflatex 2017.5.15)  15 JUN 2017 15:16
entering extended mode
**C:/Users/wpsp/Desktop/CompilerConstructionNew/Doc/report/main.tex
(C:/Users/wpsp/Desktop/CompilerConstructionNew/Doc/report/main.tex
LaTeX2e <2017-04-15>
Babel <3.9r> and hyphenation patterns for 75 language(s) loaded.
("C:\Program Files\MiKTeX 2.9\tex\latex\base\article.cls"
Document Class: article 2014/09/29 v1.4h Standard LaTeX document class
("C:\Program Files\MiKTeX 2.9\tex\latex\base\size10.clo"
File: size10.clo 2014/09/29 v1.4h Standard LaTeX file (size option)
)
\c@part=\count79
\c@section=\count80
\c@subsection=\count81
\c@subsubsection=\count82
\c@paragraph=\count83
\c@subparagraph=\count84
\c@figure=\count85
\c@table=\count86
\abovecaptionskip=\skip41
\belowcaptionskip=\skip42
\bibindent=\dimen102
)
("C:\Program Files\MiKTeX 2.9\tex\latex\tools\indentfirst.sty"
Package: indentfirst 1995/11/23 v1.03 Indent first paragraph (DPC)
)
("C:\Program Files\MiKTeX 2.9\tex\latex\titling\titling.sty"
Package: titling 2009/09/04 v2.1d maketitle typesetting
\thanksmarkwidth=\skip43
\thanksmargin=\skip44
\droptitle=\skip45
)
("C:\Program Files\MiKTeX 2.9\tex\latex\textpos\textpos.sty"
Package: textpos 2016/06/07 v1.8

Package: textpos 2016/06/07 1.8, absolute positioning of text on the page
("C:\Program Files\MiKTeX 2.9\tex\latex\graphics\keyval.sty"
Package: keyval 2014/10/28 v1.15 key=value parser (DPC)
\KV@toks@=\toks14
)
\TP@textbox=\box26
\TPHorizModule=\dimen103
\TPVertModule=\dimen104
\TP@margin=\dimen105
\TP@absmargin=\dimen106

Grid set 16 x 16 = 38.39343pt x 49.68562pt
\TPboxrulesize=\dimen107
\TP@tbargs=\toks15
\TP@prevdepth=\dimen108
) ("C:\Program Files\MiKTeX 2.9\tex\latex\fancyhdr\fancyhdr.sty"
Package: fancyhdr 2016/10/11 v3.9 Extensive control of page headers and footers

\f@nch@headwidth=\skip46
\f@nch@O@elh=\skip47
\f@nch@O@erh=\skip48
\f@nch@O@olh=\skip49
\f@nch@O@orh=\skip50
\f@nch@O@elf=\skip51
\f@nch@O@erf=\skip52
\f@nch@O@olf=\skip53
\f@nch@O@orf=\skip54
)
("C:\Program Files\MiKTeX 2.9\tex\latex\graphics\graphicx.sty"
Package: graphicx 2014/10/28 v1.0g Enhanced LaTeX Graphics (DPC,SPQR)

("C:\Program Files\MiKTeX 2.9\tex\latex\graphics\graphics.sty"
Package: graphics 2017/04/14 v1.1b Standard LaTeX Graphics (DPC,SPQR)

("C:\Program Files\MiKTeX 2.9\tex\latex\graphics\trig.sty"
Package: trig 2016/01/03 v1.10 sin cos tan (DPC)
)
("C:\Program Files\MiKTeX 2.9\tex\latex\graphics-cfg\graphics.cfg"
File: graphics.cfg 2016/06/04 v1.11 sample graphics configuration
)
Package graphics Info: Driver file: pdftex.def on input line 99.

("C:\Program Files\MiKTeX 2.9\tex\latex\graphics-def\pdftex.def"
File: pdftex.def 2017/01/12 v0.06k Graphics/color for pdfTeX

("C:\Program Files\MiKTeX 2.9\tex\generic\oberdiek\infwarerr.sty"
Package: infwarerr 2016/05/16 v1.4 Providing info/warning/error messages (HO)
)
("C:\Program Files\MiKTeX 2.9\tex\generic\oberdiek\ltxcmds.sty"
Package: ltxcmds 2016/05/16 v1.23 LaTeX kernel commands for general use (HO)
)
\Gread@gobject=\count87
))
\Gin@req@height=\dimen109
\Gin@req@width=\dimen110
)
("C:\Program Files\MiKTeX 2.9\tex\latex\xcolor\xcolor.sty"
Package: xcolor 2016/05/11 v2.12 LaTeX color extensions (UK)

("C:\Program Files\MiKTeX 2.9\tex\latex\graphics-cfg\color.cfg"
File: color.cfg 2016/01/02 v1.6 sample color configuration
)
Package xcolor Info: Driver file: pdftex.def on input line 225.
Package xcolor Info: Model `cmy' substituted by `cmy0' on input line 1348.
Package xcolor Info: Model `hsb' substituted by `rgb' on input line 1352.
Package xcolor Info: Model `RGB' extended on input line 1364.
Package xcolor Info: Model `HTML' substituted by `rgb' on input line 1366.
Package xcolor Info: Model `Hsb' substituted by `hsb' on input line 1367.
Package xcolor Info: Model `tHsb' substituted by `hsb' on input line 1368.
Package xcolor Info: Model `HSB' substituted by `hsb' on input line 1369.
Package xcolor Info: Model `Gray' substituted by `gray' on input line 1370.
Package xcolor Info: Model `wave' substituted by `hsb' on input line 1371.
)
("C:\Program Files\MiKTeX 2.9\tex\latex\colortbl\colortbl.sty"
Package: colortbl 2012/02/13 v1.0a Color table columns (DPC)

("C:\Program Files\MiKTeX 2.9\tex\latex\tools\array.sty"
Package: array 2016/10/06 v2.4d Tabular extension package (FMi)
\col@sep=\dimen111
\extrarowheight=\dimen112
\NC@list=\toks16
\extratabsurround=\skip55
\backup@length=\skip56
)
\everycr=\toks17
\minrowclearance=\skip57
)
("C:\Program Files\MiKTeX 2.9\tex\latex\titlesec\titlesec.sty"
Package: titlesec 2016/03/21 v2.10.2 Sectioning titles
\ttl@box=\box27
\beforetitleunit=\skip58
\aftertitleunit=\skip59
\ttl@plus=\dimen113
\ttl@minus=\dimen114
\ttl@toksa=\toks18
\titlewidth=\dimen115
\titlewidthlast=\dimen116
\titlewidthfirst=\dimen117
)
("C:\Program Files\MiKTeX 2.9\tex\latex\changepage\changepage.sty"
Package: changepage 2009/10/20 v1.0c check page and change page layout
\c@cp@cntr=\count88
\cp@tempcnt=\count89
)
("C:\Program Files\MiKTeX 2.9\tex\latex\float\float.sty"
Package: float 2001/11/08 v1.3d Float enhancements (AL)
\c@float@type=\count90
\float@exts=\toks19
\float@box=\box28
\@float@everytoks=\toks20
\@floatcapt=\box29
)
("C:\Program Files\MiKTeX 2.9\tex\latex\hyperref\hyperref.sty"
Package: hyperref 2017/03/14 v6.85a Hypertext links for LaTeX

("C:\Program Files\MiKTeX 2.9\tex\generic\oberdiek\hobsub-hyperref.sty"
Package: hobsub-hyperref 2016/05/16 v1.14 Bundle oberdiek, subset hyperref (HO)


("C:\Program Files\MiKTeX 2.9\tex\generic\oberdiek\hobsub-generic.sty"
Package: hobsub-generic 2016/05/16 v1.14 Bundle oberdiek, subset generic (HO)
Package: hobsub 2016/05/16 v1.14 Construct package bundles (HO)
Package hobsub Info: Skipping package `infwarerr' (already loaded).
Package hobsub Info: Skipping package `ltxcmds' (already loaded).
Package: ifluatex 2016/05/16 v1.4 Provides the ifluatex switch (HO)
Package ifluatex Info: LuaTeX not detected.
Package: ifvtex 2016/05/16 v1.6 Detect VTeX and its facilities (HO)
Package ifvtex Info: VTeX not detected.
Package: intcalc 2016/05/16 v1.2 Expandable calculations with integers (HO)
Package: ifpdf 2017/03/15 v3.2 Provides the ifpdf switch
Package: etexcmds 2016/05/16 v1.6 Avoid name clashes with e-TeX commands (HO)
Package etexcmds Info: Could not find \expanded.
(etexcmds)             That can mean that you are not using pdfTeX 1.50 or
(etexcmds)             that some package has redefined \expanded.
(etexcmds)             In the latter case, load this package earlier.
Package: kvsetkeys 2016/05/16 v1.17 Key value parser (HO)
Package: kvdefinekeys 2016/05/16 v1.4 Define keys (HO)
Package: pdftexcmds 2017/03/19 v0.25 Utility functions of pdfTeX for LuaTeX (HO
)
Package pdftexcmds Info: LuaTeX not detected.
Package pdftexcmds Info: \pdf@primitive is available.
Package pdftexcmds Info: \pdf@ifprimitive is available.
Package pdftexcmds Info: \pdfdraftmode found.
Package: pdfescape 2016/05/16 v1.14 Implements pdfTeX's escape features (HO)
Package: bigintcalc 2016/05/16 v1.4 Expandable calculations on big integers (HO
)
Package: bitset 2016/05/16 v1.2 Handle bit-vector datatype (HO)
Package: uniquecounter 2016/05/16 v1.3 Provide unlimited unique counter (HO)
)
Package hobsub Info: Skipping package `hobsub' (already loaded).
Package: letltxmacro 2016/05/16 v1.5 Let assignment for LaTeX macros (HO)
Package: hopatch 2016/05/16 v1.3 Wrapper for package hooks (HO)
Package: xcolor-patch 2016/05/16 xcolor patch
Package: atveryend 2016/05/16 v1.9 Hooks at the very end of document (HO)
Package atveryend Info: \enddocument detected (standard20110627).
Package: atbegshi 2016/06/09 v1.18 At begin shipout hook (HO)
Package: refcount 2016/05/16 v3.5 Data extraction from label references (HO)
Package: hycolor 2016/05/16 v1.8 Color options for hyperref/bookmark (HO)
)
("C:\Program Files\MiKTeX 2.9\tex\generic\ifxetex\ifxetex.sty"
Package: ifxetex 2010/09/12 v0.6 Provides ifxetex conditional
)
("C:\Program Files\MiKTeX 2.9\tex\latex\oberdiek\auxhook.sty"
Package: auxhook 2016/05/16 v1.4 Hooks for auxiliary files (HO)
)
("C:\Program Files\MiKTeX 2.9\tex\latex\oberdiek\kvoptions.sty"
Package: kvoptions 2016/05/16 v3.12 Key value format for package options (HO)
)
\@linkdim=\dimen118
\Hy@linkcounter=\count91
\Hy@pagecounter=\count92

("C:\Program Files\MiKTeX 2.9\tex\latex\hyperref\pd1enc.def"
File: pd1enc.def 2017/03/14 v6.85a Hyperref: PDFDocEncoding definition (HO)
)
\Hy@SavedSpaceFactor=\count93

("C:\Program Files\MiKTeX 2.9\tex\latex\00miktex\hyperref.cfg"
File: hyperref.cfg 2002/06/06 v1.2 hyperref configuration of TeXLive
)
Package hyperref Info: Hyper figures OFF on input line 4498.
Package hyperref Info: Link nesting OFF on input line 4503.
Package hyperref Info: Hyper index ON on input line 4506.
Package hyperref Info: Plain pages OFF on input line 4513.
Package hyperref Info: Backreferencing OFF on input line 4518.
Package hyperref Info: Implicit mode ON; LaTeX internals redefined.
Package hyperref Info: Bookmarks ON on input line 4751.
\c@Hy@tempcnt=\count94

("C:\Program Files\MiKTeX 2.9\tex\latex\url\url.sty"
\Urlmuskip=\muskip10
Package: url 2013/09/16  ver 3.4  Verb mode for urls, etc.
)
LaTeX Info: Redefining \url on input line 5104.
\XeTeXLinkMargin=\dimen119
\Fld@menulength=\count95
\Field@Width=\dimen120
\Fld@charsize=\dimen121
Package hyperref Info: Hyper figures OFF on input line 6358.
Package hyperref Info: Link nesting OFF on input line 6363.
Package hyperref Info: Hyper index ON on input line 6366.
Package hyperref Info: backreferencing OFF on input line 6373.
Package hyperref Info: Link coloring OFF on input line 6378.
Package hyperref Info: Link coloring with OCG OFF on input line 6383.
Package hyperref Info: PDF/A mode OFF on input line 6388.
LaTeX Info: Redefining \ref on input line 6428.
LaTeX Info: Redefining \pageref on input line 6432.
\Hy@abspage=\count96
\c@Item=\count97
\c@Hfootnote=\count98
)

Package hyperref Message: Driver (autodetected): hpdftex.

("C:\Program Files\MiKTeX 2.9\tex\latex\hyperref\hpdftex.def"
File: hpdftex.def 2017/03/14 v6.85a Hyperref driver for pdfTeX
\Fld@listcount=\count99
\c@bookmark@seq@number=\count100

("C:\Program Files\MiKTeX 2.9\tex\latex\oberdiek\rerunfilecheck.sty"
Package: rerunfilecheck 2016/05/16 v1.8 Rerun checks for auxiliary files (HO)
Package uniquecounter Info: New unique counter `rerunfilecheck' on input line 2
82.
)
\Hy@SectionHShift=\skip60
)
("C:\Program Files\MiKTeX 2.9\tex\latex\base\fontenc.sty"
Package: fontenc 2017/04/05 v2.0i Standard LaTeX package

("C:\Program Files\MiKTeX 2.9\tex\latex\base\t1enc.def"
File: t1enc.def 2017/04/05 v2.0i Standard LaTeX file
LaTeX Font Info:    Redeclaring font encoding T1 on input line 48.
))
("C:\Program Files\MiKTeX 2.9\tex\latex\listings\listings.sty"
\lst@mode=\count101
\lst@gtempboxa=\box30
\lst@token=\toks21
\lst@length=\count102
\lst@currlwidth=\dimen122
\lst@column=\count103
\lst@pos=\count104
\lst@lostspace=\dimen123
\lst@width=\dimen124
\lst@newlines=\count105
\lst@lineno=\count106
\lst@maxwidth=\dimen125

("C:\Program Files\MiKTeX 2.9\tex\latex\listings\lstmisc.sty"
File: lstmisc.sty 2015/06/04 1.6 (Carsten Heinz)
\c@lstnumber=\count107
\lst@skipnumbers=\count108
\lst@framebox=\box31
)
("C:\Program Files\MiKTeX 2.9\tex\latex\listings\listings.cfg"
File: listings.cfg 2015/06/04 1.6 listings configuration
))
Package: listings 2015/06/04 1.6 (Carsten Heinz)

("C:\Program Files\MiKTeX 2.9\tex\latex\lstaddons\lstautogobble.sty"
Package: lstautogobble 2012/05/03 v0.1 Implements 'autogobble' option for 'list
ings'
\lstag@spacecount=\count109
)
(headers.tex ("C:\Program Files\MiKTeX 2.9\tex\generic\babel\babel.sty"
Package: babel 2016/04/23 3.9r The Babel package

*************************************
* Local config file bblopts.cfg used
*
("C:\Program Files\MiKTeX 2.9\tex\latex\arabi\bblopts.cfg"
File: bblopts.cfg 2005/09/08 v0.1 add Arabic and Farsi to "declared" options of
 babel
)
("C:\Program Files\MiKTeX 2.9\tex\generic\babel-french\frenchb.ldf"
Language: frenchb 2017/01/30 v3.2g French support from the babel system

("C:\Program Files\MiKTeX 2.9\tex\generic\babel\babel.def"
File: babel.def 2016/04/23 3.9r Babel common definitions
\babel@savecnt=\count110
\U@D=\dimen126
)
\l@acadian = a dialect from \language\l@french 
\l@canadien = a dialect from \language\l@french 
\FB@nonchar=\count111
\FBcolonskip=\skip61
\FBthinskip=\skip62
Package babel Info: Making : an active character on input line 365.
Package babel Info: Making ; an active character on input line 366.
Package babel Info: Making ! an active character on input line 367.
Package babel Info: Making ? an active character on input line 368.
\FBguillskip=\skip63
\FBguill@level=\count112
\FB@everypar=\toks22
\FB@Mht=\dimen127
\mc@charclass=\count113
\mc@charfam=\count114
\mc@charslot=\count115
\std@mcc=\count116
\dec@mcc=\count117


Package frenchb.ldf Warning: Please load the "listings" package
(frenchb.ldf)                AFTER babel/frenchb; reported on input line 986.

\listindentFB=\skip64
\descindentFB=\skip65
\labelwidthFB=\skip66
\leftmarginFB=\skip67
\parindentFFN=\dimen128
\FBfnindent=\skip68
) ("C:\Program Files\MiKTeX 2.9\tex\latex\babel-english\english.ldf"
Language: english 2017/01/24 v3.3q English support from the babel system
\l@canadian = a dialect from \language\l@american 
\l@australian = a dialect from \language\l@british 
\l@newzealand = a dialect from \language\l@british 
))
("C:\Program Files\MiKTeX 2.9\tex\latex\carlisle\scalefnt.sty")
("C:\Program Files\MiKTeX 2.9\tex\latex\base\inputenc.sty"
Package: inputenc 2015/03/17 v1.2c Input encoding file
\inpenc@prehook=\toks23
\inpenc@posthook=\toks24

("C:\Program Files\MiKTeX 2.9\tex\latex\base\utf8.def"
File: utf8.def 2017/01/28 v1.1t UTF-8 support for inputenc
Now handling font encoding OML ...
... no UTF-8 mapping file for font encoding OML
Now handling font encoding T1 ...
... processing UTF-8 mapping file for font encoding T1

("C:\Program Files\MiKTeX 2.9\tex\latex\base\t1enc.dfu"
File: t1enc.dfu 2017/01/28 v1.1t UTF-8 support for inputenc
   defining Unicode char U+00A0 (decimal 160)
   defining Unicode char U+00A1 (decimal 161)
   defining Unicode char U+00A3 (decimal 163)
   defining Unicode char U+00AB (decimal 171)
   defining Unicode char U+00AD (decimal 173)
   defining Unicode char U+00BB (decimal 187)
   defining Unicode char U+00BF (decimal 191)
   defining Unicode char U+00C0 (decimal 192)
   defining Unicode char U+00C1 (decimal 193)
   defining Unicode char U+00C2 (decimal 194)
   defining Unicode char U+00C3 (decimal 195)
   defining Unicode char U+00C4 (decimal 196)
   defining Unicode char U+00C5 (decimal 197)
   defining Unicode char U+00C6 (decimal 198)
   defining Unicode char U+00C7 (decimal 199)
   defining Unicode char U+00C8 (decimal 200)
   defining Unicode char U+00C9 (decimal 201)
   defining Unicode char U+00CA (decimal 202)
   defining Unicode char U+00CB (decimal 203)
   defining Unicode char U+00CC (decimal 204)
   defining Unicode char U+00CD (decimal 205)
   defining Unicode char U+00CE (decimal 206)
   defining Unicode char U+00CF (decimal 207)
   defining Unicode char U+00D0 (decimal 208)
   defining Unicode char U+00D1 (decimal 209)
   defining Unicode char U+00D2 (decimal 210)
   defining Unicode char U+00D3 (decimal 211)
   defining Unicode char U+00D4 (decimal 212)
   defining Unicode char U+00D5 (decimal 213)
   defining Unicode char U+00D6 (decimal 214)
   defining Unicode char U+00D8 (decimal 216)
   defining Unicode char U+00D9 (decimal 217)
   defining Unicode char U+00DA (decimal 218)
   defining Unicode char U+00DB (decimal 219)
   defining Unicode char U+00DC (decimal 220)
   defining Unicode char U+00DD (decimal 221)
   defining Unicode char U+00DE (decimal 222)
   defining Unicode char U+00DF (decimal 223)
   defining Unicode char U+00E0 (decimal 224)
   defining Unicode char U+00E1 (decimal 225)
   defining Unicode char U+00E2 (decimal 226)
   defining Unicode char U+00E3 (decimal 227)
   defining Unicode char U+00E4 (decimal 228)
   defining Unicode char U+00E5 (decimal 229)
   defining Unicode char U+00E6 (decimal 230)
   defining Unicode char U+00E7 (decimal 231)
   defining Unicode char U+00E8 (decimal 232)
   defining Unicode char U+00E9 (decimal 233)
   defining Unicode char U+00EA (decimal 234)
   defining Unicode char U+00EB (decimal 235)
   defining Unicode char U+00EC (decimal 236)
   defining Unicode char U+00ED (decimal 237)
   defining Unicode char U+00EE (decimal 238)
   defining Unicode char U+00EF (decimal 239)
   defining Unicode char U+00F0 (decimal 240)
   defining Unicode char U+00F1 (decimal 241)
   defining Unicode char U+00F2 (decimal 242)
   defining Unicode char U+00F3 (decimal 243)
   defining Unicode char U+00F4 (decimal 244)
   defining Unicode char U+00F5 (decimal 245)
   defining Unicode char U+00F6 (decimal 246)
   defining Unicode char U+00F8 (decimal 248)
   defining Unicode char U+00F9 (decimal 249)
   defining Unicode char U+00FA (decimal 250)
   defining Unicode char U+00FB (decimal 251)
   defining Unicode char U+00FC (decimal 252)
   defining Unicode char U+00FD (decimal 253)
   defining Unicode char U+00FE (decimal 254)
   defining Unicode char U+00FF (decimal 255)
   defining Unicode char U+0100 (decimal 256)
   defining Unicode char U+0101 (decimal 257)
   defining Unicode char U+0102 (decimal 258)
   defining Unicode char U+0103 (decimal 259)
   defining Unicode char U+0104 (decimal 260)
   defining Unicode char U+0105 (decimal 261)
   defining Unicode char U+0106 (decimal 262)
   defining Unicode char U+0107 (decimal 263)
   defining Unicode char U+0108 (decimal 264)
   defining Unicode char U+0109 (decimal 265)
   defining Unicode char U+010A (decimal 266)
   defining Unicode char U+010B (decimal 267)
   defining Unicode char U+010C (decimal 268)
   defining Unicode char U+010D (decimal 269)
   defining Unicode char U+010E (decimal 270)
   defining Unicode char U+010F (decimal 271)
   defining Unicode char U+0110 (decimal 272)
   defining Unicode char U+0111 (decimal 273)
   defining Unicode char U+0112 (decimal 274)
   defining Unicode char U+0113 (decimal 275)
   defining Unicode char U+0114 (decimal 276)
   defining Unicode char U+0115 (decimal 277)
   defining Unicode char U+0116 (decimal 278)
   defining Unicode char U+0117 (decimal 279)
   defining Unicode char U+0118 (decimal 280)
   defining Unicode char U+0119 (decimal 281)
   defining Unicode char U+011A (decimal 282)
   defining Unicode char U+011B (decimal 283)
   defining Unicode char U+011C (decimal 284)
   defining Unicode char U+011D (decimal 285)
   defining Unicode char U+011E (decimal 286)
   defining Unicode char U+011F (decimal 287)
   defining Unicode char U+0120 (decimal 288)
   defining Unicode char U+0121 (decimal 289)
   defining Unicode char U+0122 (decimal 290)
   defining Unicode char U+0123 (decimal 291)
   defining Unicode char U+0124 (decimal 292)
   defining Unicode char U+0125 (decimal 293)
   defining Unicode char U+0128 (decimal 296)
   defining Unicode char U+0129 (decimal 297)
   defining Unicode char U+012A (decimal 298)
   defining Unicode char U+012B (decimal 299)
   defining Unicode char U+012C (decimal 300)
   defining Unicode char U+012D (decimal 301)
   defining Unicode char U+012E (decimal 302)
   defining Unicode char U+012F (decimal 303)
   defining Unicode char U+0130 (decimal 304)
   defining Unicode char U+0131 (decimal 305)
   defining Unicode char U+0132 (decimal 306)
   defining Unicode char U+0133 (decimal 307)
   defining Unicode char U+0134 (decimal 308)
   defining Unicode char U+0135 (decimal 309)
   defining Unicode char U+0136 (decimal 310)
   defining Unicode char U+0137 (decimal 311)
   defining Unicode char U+0139 (decimal 313)
   defining Unicode char U+013A (decimal 314)
   defining Unicode char U+013B (decimal 315)
   defining Unicode char U+013C (decimal 316)
   defining Unicode char U+013D (decimal 317)
   defining Unicode char U+013E (decimal 318)
   defining Unicode char U+0141 (decimal 321)
   defining Unicode char U+0142 (decimal 322)
   defining Unicode char U+0143 (decimal 323)
   defining Unicode char U+0144 (decimal 324)
   defining Unicode char U+0145 (decimal 325)
   defining Unicode char U+0146 (decimal 326)
   defining Unicode char U+0147 (decimal 327)
   defining Unicode char U+0148 (decimal 328)
   defining Unicode char U+014A (decimal 330)
   defining Unicode char U+014B (decimal 331)
   defining Unicode char U+014C (decimal 332)
   defining Unicode char U+014D (decimal 333)
   defining Unicode char U+014E (decimal 334)
   defining Unicode char U+014F (decimal 335)
   defining Unicode char U+0150 (decimal 336)
   defining Unicode char U+0151 (decimal 337)
   defining Unicode char U+0152 (decimal 338)
   defining Unicode char U+0153 (decimal 339)
   defining Unicode char U+0154 (decimal 340)
   defining Unicode char U+0155 (decimal 341)
   defining Unicode char U+0156 (decimal 342)
   defining Unicode char U+0157 (decimal 343)
   defining Unicode char U+0158 (decimal 344)
   defining Unicode char U+0159 (decimal 345)
   defining Unicode char U+015A (decimal 346)
   defining Unicode char U+015B (decimal 347)
   defining Unicode char U+015C (decimal 348)
   defining Unicode char U+015D (decimal 349)
   defining Unicode char U+015E (decimal 350)
   defining Unicode char U+015F (decimal 351)
   defining Unicode char U+0160 (decimal 352)
   defining Unicode char U+0161 (decimal 353)
   defining Unicode char U+0162 (decimal 354)
   defining Unicode char U+0163 (decimal 355)
   defining Unicode char U+0164 (decimal 356)
   defining Unicode char U+0165 (decimal 357)
   defining Unicode char U+0168 (decimal 360)
   defining Unicode char U+0169 (decimal 361)
   defining Unicode char U+016A (decimal 362)
   defining Unicode char U+016B (decimal 363)
   defining Unicode char U+016C (decimal 364)
   defining Unicode char U+016D (decimal 365)
   defining Unicode char U+016E (decimal 366)
   defining Unicode char U+016F (decimal 367)
   defining Unicode char U+0170 (decimal 368)
   defining Unicode char U+0171 (decimal 369)
   defining Unicode char U+0172 (decimal 370)
   defining Unicode char U+0173 (decimal 371)
   defining Unicode char U+0174 (decimal 372)
   defining Unicode char U+0175 (decimal 373)
   defining Unicode char U+0176 (decimal 374)
   defining Unicode char U+0177 (decimal 375)
   defining Unicode char U+0178 (decimal 376)
   defining Unicode char U+0179 (decimal 377)
   defining Unicode char U+017A (decimal 378)
   defining Unicode char U+017B (decimal 379)
   defining Unicode char U+017C (decimal 380)
   defining Unicode char U+017D (decimal 381)
   defining Unicode char U+017E (decimal 382)
   defining Unicode char U+01CD (decimal 461)
   defining Unicode char U+01CE (decimal 462)
   defining Unicode char U+01CF (decimal 463)
   defining Unicode char U+01D0 (decimal 464)
   defining Unicode char U+01D1 (decimal 465)
   defining Unicode char U+01D2 (decimal 466)
   defining Unicode char U+01D3 (decimal 467)
   defining Unicode char U+01D4 (decimal 468)
   defining Unicode char U+01E2 (decimal 482)
   defining Unicode char U+01E3 (decimal 483)
   defining Unicode char U+01E6 (decimal 486)
   defining Unicode char U+01E7 (decimal 487)
   defining Unicode char U+01E8 (decimal 488)
   defining Unicode char U+01E9 (decimal 489)
   defining Unicode char U+01EA (decimal 490)
   defining Unicode char U+01EB (decimal 491)
   defining Unicode char U+01F0 (decimal 496)
   defining Unicode char U+01F4 (decimal 500)
   defining Unicode char U+01F5 (decimal 501)
   defining Unicode char U+0218 (decimal 536)
   defining Unicode char U+0219 (decimal 537)
   defining Unicode char U+021A (decimal 538)
   defining Unicode char U+021B (decimal 539)
   defining Unicode char U+0232 (decimal 562)
   defining Unicode char U+0233 (decimal 563)
   defining Unicode char U+1E02 (decimal 7682)
   defining Unicode char U+1E03 (decimal 7683)
   defining Unicode char U+200C (decimal 8204)
   defining Unicode char U+2010 (decimal 8208)
   defining Unicode char U+2011 (decimal 8209)
   defining Unicode char U+2012 (decimal 8210)
   defining Unicode char U+2013 (decimal 8211)
   defining Unicode char U+2014 (decimal 8212)
   defining Unicode char U+2015 (decimal 8213)
   defining Unicode char U+2018 (decimal 8216)
   defining Unicode char U+2019 (decimal 8217)
   defining Unicode char U+201A (decimal 8218)
   defining Unicode char U+201C (decimal 8220)
   defining Unicode char U+201D (decimal 8221)
   defining Unicode char U+201E (decimal 8222)
   defining Unicode char U+2030 (decimal 8240)
   defining Unicode char U+2031 (decimal 8241)
   defining Unicode char U+2039 (decimal 8249)
   defining Unicode char U+203A (decimal 8250)
   defining Unicode char U+2423 (decimal 9251)
   defining Unicode char U+1E20 (decimal 7712)
   defining Unicode char U+1E21 (decimal 7713)
)
Now handling font encoding OT1 ...
... processing UTF-8 mapping file for font encoding OT1

("C:\Program Files\MiKTeX 2.9\tex\latex\base\ot1enc.dfu"
File: ot1enc.dfu 2017/01/28 v1.1t UTF-8 support for inputenc
   defining Unicode char U+00A0 (decimal 160)
   defining Unicode char U+00A1 (decimal 161)
   defining Unicode char U+00A3 (decimal 163)
   defining Unicode char U+00AD (decimal 173)
   defining Unicode char U+00B8 (decimal 184)
   defining Unicode char U+00BF (decimal 191)
   defining Unicode char U+00C5 (decimal 197)
   defining Unicode char U+00C6 (decimal 198)
   defining Unicode char U+00D8 (decimal 216)
   defining Unicode char U+00DF (decimal 223)
   defining Unicode char U+00E6 (decimal 230)
   defining Unicode char U+00EC (decimal 236)
   defining Unicode char U+00ED (decimal 237)
   defining Unicode char U+00EE (decimal 238)
   defining Unicode char U+00EF (decimal 239)
   defining Unicode char U+00F8 (decimal 248)
   defining Unicode char U+0131 (decimal 305)
   defining Unicode char U+0141 (decimal 321)
   defining Unicode char U+0142 (decimal 322)
   defining Unicode char U+0152 (decimal 338)
   defining Unicode char U+0153 (decimal 339)
   defining Unicode char U+0174 (decimal 372)
   defining Unicode char U+0175 (decimal 373)
   defining Unicode char U+0176 (decimal 374)
   defining Unicode char U+0177 (decimal 375)
   defining Unicode char U+0218 (decimal 536)
   defining Unicode char U+0219 (decimal 537)
   defining Unicode char U+021A (decimal 538)
   defining Unicode char U+021B (decimal 539)
   defining Unicode char U+2013 (decimal 8211)
   defining Unicode char U+2014 (decimal 8212)
   defining Unicode char U+2018 (decimal 8216)
   defining Unicode char U+2019 (decimal 8217)
   defining Unicode char U+201C (decimal 8220)
   defining Unicode char U+201D (decimal 8221)
)
Now handling font encoding OMS ...
... processing UTF-8 mapping file for font encoding OMS

("C:\Program Files\MiKTeX 2.9\tex\latex\base\omsenc.dfu"
File: omsenc.dfu 2017/01/28 v1.1t UTF-8 support for inputenc
   defining Unicode char U+00A7 (decimal 167)
   defining Unicode char U+00B6 (decimal 182)
   defining Unicode char U+00B7 (decimal 183)
   defining Unicode char U+2020 (decimal 8224)
   defining Unicode char U+2021 (decimal 8225)
   defining Unicode char U+2022 (decimal 8226)
)
Now handling font encoding OMX ...
... no UTF-8 mapping file for font encoding OMX
Now handling font encoding U ...
... no UTF-8 mapping file for font encoding U
Now handling font encoding PD1 ...
... no UTF-8 mapping file for font encoding PD1
   defining Unicode char U+00A9 (decimal 169)
   defining Unicode char U+00AA (decimal 170)
   defining Unicode char U+00AE (decimal 174)
   defining Unicode char U+00BA (decimal 186)
   defining Unicode char U+02C6 (decimal 710)
   defining Unicode char U+02DC (decimal 732)
   defining Unicode char U+200C (decimal 8204)
   defining Unicode char U+2026 (decimal 8230)
   defining Unicode char U+2122 (decimal 8482)
   defining Unicode char U+2423 (decimal 9251)
))
("C:\Program Files\MiKTeX 2.9\tex\latex\amsfonts\amsfonts.sty"
Package: amsfonts 2013/01/14 v3.01 Basic AMSFonts support
\@emptytoks=\toks25
\symAMSa=\mathgroup4
\symAMSb=\mathgroup5
LaTeX Font Info:    Overwriting math alphabet `\mathfrak' in version `bold'
(Font)                  U/euf/m/n --> U/euf/b/n on input line 106.
)
("C:\Program Files\MiKTeX 2.9\tex\latex\pgf\frontendlayer\tikz.sty"
("C:\Program Files\MiKTeX 2.9\tex\latex\pgf\basiclayer\pgf.sty"
("C:\Program Files\MiKTeX 2.9\tex\latex\pgf\utilities\pgfrcs.sty"
("C:\Program Files\MiKTeX 2.9\tex\generic\pgf\utilities\pgfutil-common.tex"
\pgfutil@everybye=\toks26
\pgfutil@tempdima=\dimen129
\pgfutil@tempdimb=\dimen130

("C:\Program Files\MiKTeX 2.9\tex\generic\pgf\utilities\pgfutil-common-lists.te
x")) ("C:\Program Files\MiKTeX 2.9\tex\generic\pgf\utilities\pgfutil-latex.def"
\pgfutil@abb=\box32
("C:\Program Files\MiKTeX 2.9\tex\latex\ms\everyshi.sty"
Package: everyshi 2001/05/15 v3.00 EveryShipout Package (MS)
))
("C:\Program Files\MiKTeX 2.9\tex\generic\pgf\utilities\pgfrcs.code.tex"
Package: pgfrcs 2015/08/07 v3.0.1a (rcs-revision 1.31)
))
Package: pgf 2015/08/07 v3.0.1a (rcs-revision 1.15)

("C:\Program Files\MiKTeX 2.9\tex\latex\pgf\basiclayer\pgfcore.sty"
("C:\Program Files\MiKTeX 2.9\tex\latex\pgf\systemlayer\pgfsys.sty"
("C:\Program Files\MiKTeX 2.9\tex\generic\pgf\systemlayer\pgfsys.code.tex"
Package: pgfsys 2014/07/09 v3.0.1a (rcs-revision 1.48)

("C:\Program Files\MiKTeX 2.9\tex\generic\pgf\utilities\pgfkeys.code.tex"
\pgfkeys@pathtoks=\toks27
\pgfkeys@temptoks=\toks28

("C:\Program Files\MiKTeX 2.9\tex\generic\pgf\utilities\pgfkeysfiltered.code.te
x"
\pgfkeys@tmptoks=\toks29
))
\pgf@x=\dimen131
\pgf@y=\dimen132
\pgf@xa=\dimen133
\pgf@ya=\dimen134
\pgf@xb=\dimen135
\pgf@yb=\dimen136
\pgf@xc=\dimen137
\pgf@yc=\dimen138
\w@pgf@writea=\write3
\r@pgf@reada=\read1
\c@pgf@counta=\count118
\c@pgf@countb=\count119
\c@pgf@countc=\count120
\c@pgf@countd=\count121
\t@pgf@toka=\toks30
\t@pgf@tokb=\toks31
\t@pgf@tokc=\toks32
 ("C:\Program Files\MiKTeX 2.9\tex\generic\pgf\systemlayer\pgf.cfg"
File: pgf.cfg 2008/05/14  (rcs-revision 1.7)
)
Driver file for pgf: pgfsys-pdftex.def

("C:\Program Files\MiKTeX 2.9\tex\generic\pgf\systemlayer\pgfsys-pdftex.def"
File: pgfsys-pdftex.def 2014/10/11  (rcs-revision 1.35)

("C:\Program Files\MiKTeX 2.9\tex\generic\pgf\systemlayer\pgfsys-common-pdf.def
"
File: pgfsys-common-pdf.def 2013/10/10  (rcs-revision 1.13)
)))
("C:\Program Files\MiKTeX 2.9\tex\generic\pgf\systemlayer\pgfsyssoftpath.code.t
ex"
File: pgfsyssoftpath.code.tex 2013/09/09  (rcs-revision 1.9)
\pgfsyssoftpath@smallbuffer@items=\count122
\pgfsyssoftpath@bigbuffer@items=\count123
)
("C:\Program Files\MiKTeX 2.9\tex\generic\pgf\systemlayer\pgfsysprotocol.code.t
ex"
File: pgfsysprotocol.code.tex 2006/10/16  (rcs-revision 1.4)
)) ("C:\Program Files\MiKTeX 2.9\tex\generic\pgf\basiclayer\pgfcore.code.tex"
Package: pgfcore 2010/04/11 v3.0.1a (rcs-revision 1.7)
 ("C:\Program Files\MiKTeX 2.9\tex\generic\pgf\math\pgfmath.code.tex"
("C:\Program Files\MiKTeX 2.9\tex\generic\pgf\math\pgfmathcalc.code.tex"
("C:\Program Files\MiKTeX 2.9\tex\generic\pgf\math\pgfmathutil.code.tex")
("C:\Program Files\MiKTeX 2.9\tex\generic\pgf\math\pgfmathparser.code.tex"
\pgfmath@dimen=\dimen139
\pgfmath@count=\count124
\pgfmath@box=\box33
\pgfmath@toks=\toks33
\pgfmath@stack@operand=\toks34
\pgfmath@stack@operation=\toks35
)
("C:\Program Files\MiKTeX 2.9\tex\generic\pgf\math\pgfmathfunctions.code.tex"
("C:\Program Files\MiKTeX 2.9\tex\generic\pgf\math\pgfmathfunctions.basic.code.
tex")
("C:\Program Files\MiKTeX 2.9\tex\generic\pgf\math\pgfmathfunctions.trigonometr
ic.code.tex")
("C:\Program Files\MiKTeX 2.9\tex\generic\pgf\math\pgfmathfunctions.random.code
.tex")
("C:\Program Files\MiKTeX 2.9\tex\generic\pgf\math\pgfmathfunctions.comparison.
code.tex")
("C:\Program Files\MiKTeX 2.9\tex\generic\pgf\math\pgfmathfunctions.base.code.t
ex")
("C:\Program Files\MiKTeX 2.9\tex\generic\pgf\math\pgfmathfunctions.round.code.
tex")
("C:\Program Files\MiKTeX 2.9\tex\generic\pgf\math\pgfmathfunctions.misc.code.t
ex")
("C:\Program Files\MiKTeX 2.9\tex\generic\pgf\math\pgfmathfunctions.integerarit
hmetics.code.tex")))
("C:\Program Files\MiKTeX 2.9\tex\generic\pgf\math\pgfmathfloat.code.tex"
\c@pgfmathroundto@lastzeros=\count125
))
("C:\Program Files\MiKTeX 2.9\tex\generic\pgf\basiclayer\pgfcorepoints.code.tex
"
File: pgfcorepoints.code.tex 2013/10/07  (rcs-revision 1.27)
\pgf@picminx=\dimen140
\pgf@picmaxx=\dimen141
\pgf@picminy=\dimen142
\pgf@picmaxy=\dimen143
\pgf@pathminx=\dimen144
\pgf@pathmaxx=\dimen145
\pgf@pathminy=\dimen146
\pgf@pathmaxy=\dimen147
\pgf@xx=\dimen148
\pgf@xy=\dimen149
\pgf@yx=\dimen150
\pgf@yy=\dimen151
\pgf@zx=\dimen152
\pgf@zy=\dimen153
)
("C:\Program Files\MiKTeX 2.9\tex\generic\pgf\basiclayer\pgfcorepathconstruct.c
ode.tex"
File: pgfcorepathconstruct.code.tex 2013/10/07  (rcs-revision 1.29)
\pgf@path@lastx=\dimen154
\pgf@path@lasty=\dimen155
)
("C:\Program Files\MiKTeX 2.9\tex\generic\pgf\basiclayer\pgfcorepathusage.code.
tex"
File: pgfcorepathusage.code.tex 2014/11/02  (rcs-revision 1.24)
\pgf@shorten@end@additional=\dimen156
\pgf@shorten@start@additional=\dimen157
)
("C:\Program Files\MiKTeX 2.9\tex\generic\pgf\basiclayer\pgfcorescopes.code.tex
"
File: pgfcorescopes.code.tex 2015/05/08  (rcs-revision 1.46)
\pgfpic=\box34
\pgf@hbox=\box35
\pgf@layerbox@main=\box36
\pgf@picture@serial@count=\count126
)
("C:\Program Files\MiKTeX 2.9\tex\generic\pgf\basiclayer\pgfcoregraphicstate.co
de.tex"
File: pgfcoregraphicstate.code.tex 2014/11/02  (rcs-revision 1.12)
\pgflinewidth=\dimen158
)
("C:\Program Files\MiKTeX 2.9\tex\generic\pgf\basiclayer\pgfcoretransformations
.code.tex"
File: pgfcoretransformations.code.tex 2015/08/07  (rcs-revision 1.20)
\pgf@pt@x=\dimen159
\pgf@pt@y=\dimen160
\pgf@pt@temp=\dimen161
)
("C:\Program Files\MiKTeX 2.9\tex\generic\pgf\basiclayer\pgfcorequick.code.tex"
File: pgfcorequick.code.tex 2008/10/09  (rcs-revision 1.3)
)
("C:\Program Files\MiKTeX 2.9\tex\generic\pgf\basiclayer\pgfcoreobjects.code.te
x"
File: pgfcoreobjects.code.tex 2006/10/11  (rcs-revision 1.2)
)
("C:\Program Files\MiKTeX 2.9\tex\generic\pgf\basiclayer\pgfcorepathprocessing.
code.tex"
File: pgfcorepathprocessing.code.tex 2013/09/09  (rcs-revision 1.9)
)
("C:\Program Files\MiKTeX 2.9\tex\generic\pgf\basiclayer\pgfcorearrows.code.tex
"
File: pgfcorearrows.code.tex 2015/05/14  (rcs-revision 1.43)
\pgfarrowsep=\dimen162
)
("C:\Program Files\MiKTeX 2.9\tex\generic\pgf\basiclayer\pgfcoreshade.code.tex"
File: pgfcoreshade.code.tex 2013/07/15  (rcs-revision 1.15)
\pgf@max=\dimen163
\pgf@sys@shading@range@num=\count127
) ("C:\Program Files\MiKTeX 2.9\tex\generic\pgf\basiclayer\pgfcoreimage.code.te
x"
File: pgfcoreimage.code.tex 2013/07/15  (rcs-revision 1.18)

("C:\Program Files\MiKTeX 2.9\tex\generic\pgf\basiclayer\pgfcoreexternal.code.t
ex"
File: pgfcoreexternal.code.tex 2014/07/09  (rcs-revision 1.21)
\pgfexternal@startupbox=\box37
))
("C:\Program Files\MiKTeX 2.9\tex\generic\pgf\basiclayer\pgfcorelayers.code.tex
"
File: pgfcorelayers.code.tex 2013/07/18  (rcs-revision 1.7)
)
("C:\Program Files\MiKTeX 2.9\tex\generic\pgf\basiclayer\pgfcoretransparency.co
de.tex"
File: pgfcoretransparency.code.tex 2013/09/30  (rcs-revision 1.5)
)
("C:\Program Files\MiKTeX 2.9\tex\generic\pgf\basiclayer\pgfcorepatterns.code.t
ex"
File: pgfcorepatterns.code.tex 2013/11/07  (rcs-revision 1.5)
)))
("C:\Program Files\MiKTeX 2.9\tex\generic\pgf\modules\pgfmoduleshapes.code.tex"
File: pgfmoduleshapes.code.tex 2014/03/21  (rcs-revision 1.35)
\pgfnodeparttextbox=\box38
) ("C:\Program Files\MiKTeX 2.9\tex\generic\pgf\modules\pgfmoduleplot.code.tex"
File: pgfmoduleplot.code.tex 2015/08/03  (rcs-revision 1.13)
)
("C:\Program Files\MiKTeX 2.9\tex\latex\pgf\compatibility\pgfcomp-version-0-65.
sty"
Package: pgfcomp-version-0-65 2007/07/03 v3.0.1a (rcs-revision 1.7)
\pgf@nodesepstart=\dimen164
\pgf@nodesepend=\dimen165
)
("C:\Program Files\MiKTeX 2.9\tex\latex\pgf\compatibility\pgfcomp-version-1-18.
sty"
Package: pgfcomp-version-1-18 2007/07/23 v3.0.1a (rcs-revision 1.1)
)) ("C:\Program Files\MiKTeX 2.9\tex\latex\pgf\utilities\pgffor.sty"
("C:\Program Files\MiKTeX 2.9\tex\latex\pgf\utilities\pgfkeys.sty"
("C:\Program Files\MiKTeX 2.9\tex\generic\pgf\utilities\pgfkeys.code.tex"))
("C:\Program Files\MiKTeX 2.9\tex\latex\pgf\math\pgfmath.sty"
("C:\Program Files\MiKTeX 2.9\tex\generic\pgf\math\pgfmath.code.tex"))
("C:\Program Files\MiKTeX 2.9\tex\generic\pgf\utilities\pgffor.code.tex"
Package: pgffor 2013/12/13 v3.0.1a (rcs-revision 1.25)

("C:\Program Files\MiKTeX 2.9\tex\generic\pgf\math\pgfmath.code.tex")
\pgffor@iter=\dimen166
\pgffor@skip=\dimen167
\pgffor@stack=\toks36
\pgffor@toks=\toks37
))
("C:\Program Files\MiKTeX 2.9\tex\generic\pgf\frontendlayer\tikz\tikz.code.tex"
Package: tikz 2015/08/07 v3.0.1a (rcs-revision 1.151)

("C:\Program Files\MiKTeX 2.9\tex\generic\pgf\libraries\pgflibraryplothandlers.
code.tex"
File: pgflibraryplothandlers.code.tex 2013/08/31 v3.0.1a (rcs-revision 1.20)
\pgf@plot@mark@count=\count128
\pgfplotmarksize=\dimen168
)
\tikz@lastx=\dimen169
\tikz@lasty=\dimen170
\tikz@lastxsaved=\dimen171
\tikz@lastysaved=\dimen172
\tikzleveldistance=\dimen173
\tikzsiblingdistance=\dimen174
\tikz@figbox=\box39
\tikz@figbox@bg=\box40
\tikz@tempbox=\box41
\tikz@tempbox@bg=\box42
\tikztreelevel=\count129
\tikznumberofchildren=\count130
\tikznumberofcurrentchild=\count131
\tikz@fig@count=\count132

("C:\Program Files\MiKTeX 2.9\tex\generic\pgf\modules\pgfmodulematrix.code.tex"
File: pgfmodulematrix.code.tex 2013/09/17  (rcs-revision 1.8)
\pgfmatrixcurrentrow=\count133
\pgfmatrixcurrentcolumn=\count134
\pgf@matrix@numberofcolumns=\count135
)
\tikz@expandcount=\count136

("C:\Program Files\MiKTeX 2.9\tex\generic\pgf\frontendlayer\tikz\libraries\tikz
librarytopaths.code.tex"
File: tikzlibrarytopaths.code.tex 2008/06/17 v3.0.1a (rcs-revision 1.2)
)))
("C:\Program Files\MiKTeX 2.9\tex\latex\tikz-qtree\tikz-qtree.sty"
("C:\Program Files\MiKTeX 2.9\tex\latex\tikz-qtree\pgftree.sty"
("C:\Program Files\MiKTeX 2.9\tex\latex\tikz-qtree\pgfsubpic.sty"
("C:\Program Files\MiKTeX 2.9\tex\generic\tikz-qtree\pgfsubpic.tex"
\pgf@subpicminx=\dimen175
\pgf@subpicminy=\dimen176
\pgf@subpicmaxx=\dimen177
\pgf@subpicmaxy=\dimen178
))
("C:\Program Files\MiKTeX 2.9\tex\generic\tikz-qtree\pgftree.tex"
\levelsep=\dimen179
\subtreesep=\dimen180
\smuggle@levelsep=\dimen181
\smuggle@subtreesep=\dimen182
\this@levelsep=\dimen183
\this@subtreesep=\dimen184
\pgftree@childx=\dimen185
\pgftree@savechildx=\dimen186
\pgftree@childy=\dimen187
\pgftree@savechildy=\dimen188
\pgftree@childi=\count137
\pgftree@savechildi=\count138
\pgftree@level=\count139
\pgftree@depth=\dimen189
\pgf@subpic@hbox@children=\box43
\pgf@subpic@minx@children=\dimen190
\pgf@subpic@miny@children=\dimen191
\pgf@subpic@maxx@children=\dimen192
\pgf@subpic@maxy@children=\dimen193
\pgftree@lastchildx=\dimen194
\pgftree@lastchildy=\dimen195
))
("C:\Program Files\MiKTeX 2.9\tex\generic\tikz-qtree\tikz-qtree.tex"
\@result=\toks38
\child@list=\toks39
\root@node=\toks40
))
("C:\Program Files\MiKTeX 2.9\tex\latex\enumitem\enumitem.sty"
Package: enumitem 2011/09/28 v3.5.2 Customized lists
\labelindent=\skip69
\enit@outerparindent=\dimen196
\enit@toks=\toks41
\enit@inbox=\box44
\enitdp@description=\count140
)
("C:\Program Files\MiKTeX 2.9\tex\latex\geometry\geometry.sty"
Package: geometry 2010/09/12 v5.6 Page Geometry
\Gm@cnth=\count141
\Gm@cntv=\count142
\c@Gm@tempcnt=\count143
\Gm@bindingoffset=\dimen197
\Gm@wd@mp=\dimen198
\Gm@odd@mp=\dimen199
\Gm@even@mp=\dimen256
\Gm@layoutwidth=\dimen257
\Gm@layoutheight=\dimen258
\Gm@layouthoffset=\dimen259
\Gm@layoutvoffset=\dimen260
\Gm@dimlist=\toks42

("C:\Program Files\MiKTeX 2.9\tex\latex\geometry\geometry.cfg"))
("C:\Program Files\MiKTeX 2.9\tex\latex\mdwtools\mathenv.sty"
Package: mathenv 1998/04/28 1.9 Various maths environments

("C:\Program Files\MiKTeX 2.9\tex\latex\mdwtools\mdwtab.sty"
Package: mdwtab 1998/04/28 1.9 Table typesetting with style
\tab@state=\count144
\tab@columns=\count145
\tab@preamble=\toks43
\tab@shortline=\toks44
\extrarowheight=\dimen261
\tabextrasep=\dimen262
\arrayextrasep=\dimen263
\smarraycolsep=\dimen264
\smarrayextrasep=\dimen265
\tab@width=\dimen266
\col@sep=\dimen267
\tab@endheight=\dimen268
\tab@leftskip=\skip70
\tab@rightskip=\skip71
\fn@notes=\box45
\fn@width=\dimen269
)
\eqaopenskip=\skip72
\eqacloseskip=\skip73
\eqacolskip=\skip74
\eqainskip=\skip75
\splitleft=\skip76
\splitright=\skip77
)
("C:\Program Files\MiKTeX 2.9\tex\latex\xstring\xstring.sty"
("C:\Program Files\MiKTeX 2.9\tex\generic\xstring\xstring.tex"
\@xs@message=\write4
\integerpart=\count146
\decimalpart=\count147
)
Package: xstring 2013/10/13  v1.7c  String manipulations (C Tellechea)
)
("C:\Program Files\MiKTeX 2.9\tex\latex\csquotes\csquotes.sty"
Package: csquotes 2017/03/11 v5.2b context-sensitive quotations (JAW)

("C:\Program Files\MiKTeX 2.9\tex\latex\etoolbox\etoolbox.sty"
Package: etoolbox 2017/01/02 v2.4 e-TeX tools for LaTeX (JAW)
\etb@tempcnta=\count148
)
\csq@reset=\count149
\csq@gtype=\count150
\csq@glevel=\count151
\csq@qlevel=\count152
\csq@maxlvl=\count153
\csq@tshold=\count154
\csq@ltx@everypar=\toks45

("C:\Program Files\MiKTeX 2.9\tex\latex\csquotes\csquotes.def"
File: csquotes.def 2017/03/11 v5.2b csquotes generic definitions (JAW)
)
Package csquotes Info: Trying to load configuration file 'csquotes.cfg'...
Package csquotes Info: ... configuration file loaded successfully.

("C:\Program Files\MiKTeX 2.9\tex\latex\csquotes\csquotes.cfg"
File: csquotes.cfg 
)
Package csquotes Info: Option 'babel' depreciated.
(csquotes)             Using 'autostyle'.
Package csquotes Info: Enabling multilingual quotes.
)
("C:\Program Files\MiKTeX 2.9\tex\latex\base\ifthen.sty"
Package: ifthen 2014/09/29 v1.1c Standard LaTeX ifthen package (DPC)
)
("C:\Program Files\MiKTeX 2.9\tex\latex\frcursive\frcursive.sty"
Package: frcursive 2004/02/01 v1.2 support package for French Cursive
\seyesThickness=\skip78
\seyes@box=\box46
\seyes@ln=\skip79
)
("C:\Program Files\MiKTeX 2.9\tex\latex\framed\framed.sty"
Package: framed 2011/10/22 v 0.96: framed or shaded text with page breaks
\OuterFrameSep=\skip80
\fb@frw=\dimen270
\fb@frh=\dimen271
\FrameRule=\dimen272
\FrameSep=\dimen273
)
("C:\Program Files\MiKTeX 2.9\tex\latex\mdframed\mdframed.sty"
Package: mdframed 2013/07/01 1.9b: mdframed

("C:\Program Files\MiKTeX 2.9\tex\latex\l3packages\xparse\xparse.sty"
("C:\Program Files\MiKTeX 2.9\tex\latex\l3kernel\expl3.sty"
Package: expl3 2017/04/01 L3 programming layer (loader) 

("C:\Program Files\MiKTeX 2.9\tex\latex\l3kernel\expl3-code.tex"
Package: expl3 2017/04/01 L3 programming layer (code)
\c_max_int=\count155
\l_tmpa_int=\count156
\l_tmpb_int=\count157
\g_tmpa_int=\count158
\g_tmpb_int=\count159
\g__prg_map_int=\count160
\c_log_iow=\count161
\l_iow_line_count_int=\count162
\l__iow_line_target_int=\count163
\l__iow_one_indent_int=\count164
\l__iow_indent_int=\count165
\c_zero_dim=\dimen274
\c_max_dim=\dimen275
\l_tmpa_dim=\dimen276
\l_tmpb_dim=\dimen277
\g_tmpa_dim=\dimen278
\g_tmpb_dim=\dimen279
\c_zero_skip=\skip81
\c_max_skip=\skip82
\l_tmpa_skip=\skip83
\l_tmpb_skip=\skip84
\g_tmpa_skip=\skip85
\g_tmpb_skip=\skip86
\c_zero_muskip=\muskip11
\c_max_muskip=\muskip12
\l_tmpa_muskip=\muskip13
\l_tmpb_muskip=\muskip14
\g_tmpa_muskip=\muskip15
\g_tmpb_muskip=\muskip16
\l_keys_choice_int=\count166
\c__fp_leading_shift_int=\count167
\c__fp_middle_shift_int=\count168
\c__fp_trailing_shift_int=\count169
\c__fp_big_leading_shift_int=\count170
\c__fp_big_middle_shift_int=\count171
\c__fp_big_trailing_shift_int=\count172
\c__fp_Bigg_leading_shift_int=\count173
\c__fp_Bigg_middle_shift_int=\count174
\c__fp_Bigg_trailing_shift_int=\count175
\c__fp_rand_size_int=\count176
\c__fp_rand_four_int=\count177
\c__fp_rand_eight_int=\count178
\l__sort_length_int=\count179
\l__sort_min_int=\count180
\l__sort_top_int=\count181
\l__sort_max_int=\count182
\l__sort_true_max_int=\count183
\l__sort_block_int=\count184
\l__sort_begin_int=\count185
\l__sort_end_int=\count186
\l__sort_A_int=\count187
\l__sort_B_int=\count188
\l__sort_C_int=\count189
\c_empty_box=\box47
\l_tmpa_box=\box48
\l_tmpb_box=\box49
\g_tmpa_box=\box50
\g_tmpb_box=\box51
\l__coffin_internal_box=\box52
\l__coffin_internal_dim=\dimen280
\l__coffin_offset_x_dim=\dimen281
\l__coffin_offset_y_dim=\dimen282
\l__coffin_x_dim=\dimen283
\l__coffin_y_dim=\dimen284
\l__coffin_x_prime_dim=\dimen285
\l__coffin_y_prime_dim=\dimen286
\c_empty_coffin=\box53
\l__coffin_aligned_coffin=\box54
\l__coffin_aligned_internal_coffin=\box55
\l_tmpa_coffin=\box56
\l_tmpb_coffin=\box57
\l__coffin_display_coffin=\box58
\l__coffin_display_coord_coffin=\box59
\l__coffin_display_pole_coffin=\box60
\l__coffin_display_offset_dim=\dimen287
\l__coffin_display_x_dim=\dimen288
\l__coffin_display_y_dim=\dimen289
\l__box_top_dim=\dimen290
\l__box_bottom_dim=\dimen291
\l__box_left_dim=\dimen292
\l__box_right_dim=\dimen293
\l__box_top_new_dim=\dimen294
\l__box_bottom_new_dim=\dimen295
\l__box_left_new_dim=\dimen296
\l__box_right_new_dim=\dimen297
\l__box_internal_box=\box61
\l__coffin_bounding_shift_dim=\dimen298
\l__coffin_left_corner_dim=\dimen299
\l__coffin_right_corner_dim=\dimen300
\l__coffin_bottom_corner_dim=\dimen301
\l__coffin_top_corner_dim=\dimen302
\l__coffin_scaled_total_height_dim=\dimen303
\l__coffin_scaled_width_dim=\dimen304
)
("C:\Program Files\MiKTeX 2.9\tex\latex\l3kernel\l3pdfmode.def"
File: l3pdfmode.def 2017/03/18 v L3 Experimental driver: PDF mode
\l__driver_color_stack_int=\count190
\l__driver_tmp_box=\box62
))
Package: xparse 2017/04/01 L3 Experimental document command parser
\l__xparse_current_arg_int=\count191
\g__xparse_grabber_int=\count192
\l__xparse_m_args_int=\count193
\l__xparse_mandatory_args_int=\count194
\l__xparse_v_nesting_int=\count195
)
("C:\Program Files\MiKTeX 2.9\tex\latex\oberdiek\zref-abspage.sty"
Package: zref-abspage 2016/05/21 v2.26 Module abspage for zref (HO)

("C:\Program Files\MiKTeX 2.9\tex\latex\oberdiek\zref-base.sty"
Package: zref-base 2016/05/21 v2.26 Module base for zref (HO)
Package zref Info: New property list: main on input line 759.
Package zref Info: New property: default on input line 760.
Package zref Info: New property: page on input line 761.
)
\c@abspage=\count196
Package zref Info: New property: abspage on input line 62.
)
("C:\Program Files\MiKTeX 2.9\tex\latex\needspace\needspace.sty"
Package: needspace 2010/09/12 v1.3d reserve vertical space
)
\mdf@templength=\skip87
\c@mdf@globalstyle@cnt=\count197
\mdf@skipabove@length=\skip88
\mdf@skipbelow@length=\skip89
\mdf@leftmargin@length=\skip90
\mdf@rightmargin@length=\skip91
\mdf@innerleftmargin@length=\skip92
\mdf@innerrightmargin@length=\skip93
\mdf@innertopmargin@length=\skip94
\mdf@innerbottommargin@length=\skip95
\mdf@splittopskip@length=\skip96
\mdf@splitbottomskip@length=\skip97
\mdf@outermargin@length=\skip98
\mdf@innermargin@length=\skip99
\mdf@linewidth@length=\skip100
\mdf@innerlinewidth@length=\skip101
\mdf@middlelinewidth@length=\skip102
\mdf@outerlinewidth@length=\skip103
\mdf@roundcorner@length=\skip104
\mdf@footenotedistance@length=\skip105
\mdf@userdefinedwidth@length=\skip106
\mdf@needspace@length=\skip107
\mdf@frametitleaboveskip@length=\skip108
\mdf@frametitlebelowskip@length=\skip109
\mdf@frametitlerulewidth@length=\skip110
\mdf@frametitleleftmargin@length=\skip111
\mdf@frametitlerightmargin@length=\skip112
\mdf@shadowsize@length=\skip113
\mdf@extratopheight@length=\skip114
\mdf@subtitleabovelinewidth@length=\skip115
\mdf@subtitlebelowlinewidth@length=\skip116
\mdf@subtitleaboveskip@length=\skip117
\mdf@subtitlebelowskip@length=\skip118
\mdf@subtitleinneraboveskip@length=\skip119
\mdf@subtitleinnerbelowskip@length=\skip120
\mdf@subsubtitleabovelinewidth@length=\skip121
\mdf@subsubtitlebelowlinewidth@length=\skip122
\mdf@subsubtitleaboveskip@length=\skip123
\mdf@subsubtitlebelowskip@length=\skip124
\mdf@subsubtitleinneraboveskip@length=\skip125
\mdf@subsubtitleinnerbelowskip@length=\skip126

("C:\Program Files\MiKTeX 2.9\tex\latex\mdframed\md-frame-0.mdf"
File: md-frame-0.mdf 2013/07/01\ 1.9b: md-frame-0
)
\mdf@frametitlebox=\box63
\mdf@footnotebox=\box64
\mdf@splitbox@one=\box65
\mdf@splitbox@two=\box66
\mdf@splitbox@save=\box67
\mdfsplitboxwidth=\skip127
\mdfsplitboxtotalwidth=\skip128
\mdfsplitboxheight=\skip129
\mdfsplitboxdepth=\skip130
\mdfsplitboxtotalheight=\skip131
\mdfframetitleboxwidth=\skip132
\mdfframetitleboxtotalwidth=\skip133
\mdfframetitleboxheight=\skip134
\mdfframetitleboxdepth=\skip135
\mdfframetitleboxtotalheight=\skip136
\mdffootnoteboxwidth=\skip137
\mdffootnoteboxtotalwidth=\skip138
\mdffootnoteboxheight=\skip139
\mdffootnoteboxdepth=\skip140
\mdffootnoteboxtotalheight=\skip141
\mdftotallinewidth=\skip142
\mdfboundingboxwidth=\skip143
\mdfboundingboxtotalwidth=\skip144
\mdfboundingboxheight=\skip145
\mdfboundingboxdepth=\skip146
\mdfboundingboxtotalheight=\skip147
\mdf@freevspace@length=\skip148
\mdf@horizontalwidthofbox@length=\skip149
\mdf@verticalmarginwhole@length=\skip150
\mdf@horizontalspaceofbox=\skip151
\mdfsubtitleheight=\skip152
\mdfsubsubtitleheight=\skip153
\c@mdfcountframes=\count198

****** mdframed patching \endmdf@trivlist

****** -- success******

.................................................
. LaTeX info: "xparse/define-command"
. 
. Defining command \newmdtheoremenv with sig. 'O{} m o m o ' on line 601.
.................................................
.................................................
. LaTeX info: "xparse/define-command"
. 
. Defining command \mdtheorem with sig. ' O{} m o m o ' on line 701.
.................................................
\mdf@envdepth=\count199
\c@mdf@env@i=\count266
\c@mdf@env@ii=\count267
\c@mdf@zref@counter=\count268
Package zref Info: New property: mdf@pagevalue on input line 895.
)
("C:\Program Files\MiKTeX 2.9\tex\latex\ntheorem\ntheorem.sty"
Style `ntheorem', Version 1.33 <2011/08/15>
Package: ntheorem 2011/08/15 1.33
\theorem@style=\toks46
\theorem@@style=\toks47
\theorembodyfont=\toks48
\theoremnumbering=\toks49
\theorempreskipamount=\skip154
\theorempostskipamount=\skip155
\theoremframepreskipamount=\skip156
\theoremframepostskipamount=\skip157
\theoreminframepreskipamount=\skip158
\theoreminframepostskipamount=\skip159
\theorem@preskip=\toks50
\theorem@postskip=\toks51
\theorem@framepreskip=\toks52
\theorem@framepostskip=\toks53
\theorem@inframepreskip=\toks54
\theorem@inframepostskip=\toks55
\theoremindent=\dimen305
\theorem@indent=\dimen306
\theoremrightindent=\dimen307
\theorem@rightindent=\dimen308
\theoremheaderfont=\toks56
\theoremseparator=\toks57
\theoremprework=\toks58
\theorempostwork=\toks59
\theoremsymbol=\toks60
\qedsymbol=\toks61
\theoremkeyword=\toks62
\qedsymbol=\toks63
\thm@topsep=\skip160
\thm@topsepadd=\skip161
) ("C:\Program Files\MiKTeX 2.9\tex\latex\esvect\esvect.sty"
Package: esvect 
\symesvector=\mathgroup6
)
("C:\Program Files\MiKTeX 2.9\tex\latex\amsmath\amsmath.sty"
Package: amsmath 2016/11/05 v2.16a AMS math features
\@mathmargin=\skip162

For additional information on amsmath, use the `?' option.
("C:\Program Files\MiKTeX 2.9\tex\latex\amsmath\amstext.sty"
Package: amstext 2000/06/29 v2.01 AMS text

("C:\Program Files\MiKTeX 2.9\tex\latex\amsmath\amsgen.sty"
File: amsgen.sty 1999/11/30 v2.0 generic functions
\@emptytoks=\toks64
\ex@=\dimen309
))
("C:\Program Files\MiKTeX 2.9\tex\latex\amsmath\amsbsy.sty"
Package: amsbsy 1999/11/29 v1.2d Bold Symbols
\pmbraise@=\dimen310
)
("C:\Program Files\MiKTeX 2.9\tex\latex\amsmath\amsopn.sty"
Package: amsopn 2016/03/08 v2.02 operator names
)
\inf@bad=\count269
LaTeX Info: Redefining \frac on input line 213.
\uproot@=\count270
\leftroot@=\count271
LaTeX Info: Redefining \overline on input line 375.
\classnum@=\count272
\DOTSCASE@=\count273
LaTeX Info: Redefining \ldots on input line 472.
LaTeX Info: Redefining \dots on input line 475.
LaTeX Info: Redefining \cdots on input line 596.
\Mathstrutbox@=\box68
\strutbox@=\box69
\big@size=\dimen311
LaTeX Font Info:    Redeclaring font encoding OML on input line 712.
LaTeX Font Info:    Redeclaring font encoding OMS on input line 713.
\macc@depth=\count274
\c@MaxMatrixCols=\count275
\dotsspace@=\muskip17
\c@parentequation=\count276
\dspbrk@lvl=\count277
\tag@help=\toks65
\row@=\count278
\column@=\count279
\maxfields@=\count280
\andhelp@=\toks66
\eqnshift@=\dimen312
\alignsep@=\dimen313
\tagshift@=\dimen314
\tagwidth@=\dimen315
\totwidth@=\dimen316
\lineht@=\dimen317
\@envbody=\toks67
\multlinegap=\skip163
\multlinetaggap=\skip164
\mathdisplay@stack=\toks68
LaTeX Info: Redefining \[ on input line 2817.
LaTeX Info: Redefining \] on input line 2818.
)
\c@Remarque=\count281
\c@Demonstration=\count282
\c@Definition=\count283
\c@Technique=\count284
\c@Proposition=\count285
\c@Rappel=\count286
\c@Theoreme=\count287
\c@apart=\count288
\c@ExemplesCore=\count289
\c@WhiteBlock=\count290
)
Package csquotes Info: Checking for multilingual support...
Package csquotes Info: ... found 'babel' package.
 (main.aux)
\openout1 = `main.aux'.

LaTeX Font Info:    Checking defaults for OML/cmm/m/it on input line 66.
LaTeX Font Info:    ... okay on input line 66.
LaTeX Font Info:    Checking defaults for T1/cmr/m/n on input line 66.
LaTeX Font Info:    ... okay on input line 66.
LaTeX Font Info:    Checking defaults for OT1/cmr/m/n on input line 66.
LaTeX Font Info:    ... okay on input line 66.
LaTeX Font Info:    Checking defaults for OMS/cmsy/m/n on input line 66.
LaTeX Font Info:    ... okay on input line 66.
LaTeX Font Info:    Checking defaults for OMX/cmex/m/n on input line 66.
LaTeX Font Info:    ... okay on input line 66.
LaTeX Font Info:    Checking defaults for U/cmr/m/n on input line 66.
LaTeX Font Info:    ... okay on input line 66.
LaTeX Font Info:    Checking defaults for PD1/pdf/m/n on input line 66.
LaTeX Font Info:    ... okay on input line 66.

("C:\Program Files\MiKTeX 2.9\tex\context\base\supp-pdf.mkii"
[Loading MPS to PDF converter (version 2006.09.02).]
\scratchcounter=\count291
\scratchdimen=\dimen318
\scratchbox=\box70
\nofMPsegments=\count292
\nofMParguments=\count293
\everyMPshowfont=\toks69
\MPscratchCnt=\count294
\MPscratchDim=\dimen319
\MPnumerator=\count295
\makeMPintoPDFobject=\count296
\everyMPtoPDFconversion=\toks70
) ("C:\Program Files\MiKTeX 2.9\tex\latex\oberdiek\epstopdf-base.sty"
Package: epstopdf-base 2016/05/15 v2.6 Base part for package epstopdf

("C:\Program Files\MiKTeX 2.9\tex\latex\oberdiek\grfext.sty"
Package: grfext 2016/05/16 v1.2 Manage graphics extensions (HO)
)
Package epstopdf-base Info: Redefining graphics rule for `.eps' on input line 4
38.
Package grfext Info: Graphics extension search list:
(grfext)             [.png,.pdf,.jpg,.mps,.jpeg,.jbig2,.jb2,.PNG,.PDF,.JPG,.JPE
G,.JBIG2,.JB2,.eps]
(grfext)             \AppendGraphicsExtensions on input line 456.
)
\AtBeginShipoutBox=\box71
Package hyperref Info: Link coloring OFF on input line 66.

("C:\Program Files\MiKTeX 2.9\tex\latex\hyperref\nameref.sty"
Package: nameref 2016/05/21 v2.44 Cross-referencing by name of section

("C:\Program Files\MiKTeX 2.9\tex\generic\oberdiek\gettitlestring.sty"
Package: gettitlestring 2016/05/16 v1.5 Cleanup title references (HO)
)
\c@section@level=\count297
)
LaTeX Info: Redefining \ref on input line 66.
LaTeX Info: Redefining \pageref on input line 66.
LaTeX Info: Redefining \nameref on input line 66.

(main.out) (main.out)
\@outlinefile=\write5
\openout5 = `main.out'.

\c@lstlisting=\count298
LaTeX Info: Redefining \degres on input line 66.
LaTeX Info: Redefining \dots on input line 66.
LaTeX Info: Redefining \up on input line 66.
 ABD: EveryShipout initializing macros
*geometry* driver: auto-detecting
*geometry* detected driver: pdftex
*geometry* verbose mode - [ preamble ] result:
* driver: pdftex
* paper: a4paper
* layout: <same size as paper>
* layoutoffset:(h,v)=(0.0pt,0.0pt)
* hratio: 1:1
* vratio: 1:1
* modes: 
* h-part:(L,W,R)=(74.68848pt, 448.1309pt, 74.68849pt)
* v-part:(T,H,B)=(105.63086pt, 633.78513pt, 105.63086pt)
* \paperwidth=597.50787pt
* \paperheight=845.04684pt
* \textwidth=448.1309pt
* \textheight=633.78513pt
* \oddsidemargin=2.41849pt
* \evensidemargin=2.41849pt
* \topmargin=-3.63913pt
* \headheight=12.0pt
* \headsep=25.0pt
* \topskip=10.0pt
* \footskip=30.0pt
* \marginparwidth=65.0pt
* \marginparsep=11.0pt
* \columnsep=10.0pt
* \skip\footins=9.0pt plus 4.0pt minus 2.0pt
* \hoffset=0.0pt
* \voffset=0.0pt
* \mag=1000
* \@twocolumnfalse
* \@twosidefalse
* \@mparswitchfalse
* \@reversemarginfalse
* (1in=72.27pt=25.4mm, 1cm=28.453pt)

LaTeX Font Info:    Try loading font information for U+msa on input line 68.
("C:\Program Files\MiKTeX 2.9\tex\latex\amsfonts\umsa.fd"
File: umsa.fd 2013/01/14 v3.01 AMS symbols A
)
LaTeX Font Info:    Try loading font information for U+msb on input line 68.

("C:\Program Files\MiKTeX 2.9\tex\latex\amsfonts\umsb.fd"
File: umsb.fd 2013/01/14 v3.01 AMS symbols B
)
LaTeX Font Info:    Try loading font information for U+esvect on input line 68.


("C:\Program Files\MiKTeX 2.9\tex\latex\esvect\uesvect.fd"
File: uesvect.fd 
) (main.toc)
\tf@toc=\write6
\openout6 = `main.toc'.

 [1

{C:/Users/wpsp/AppData/Local/MiKTeX/2.9/pdftex/config/pdftex.map}]
LaTeX Font Info:    Try loading font information for T1+cmtt on input line 78.

("C:\Program Files\MiKTeX 2.9\tex\latex\base\t1cmtt.fd"
File: t1cmtt.fd 2014/09/29 v2.5h Standard LaTeX font definitions
)
<pics/lexer_html_debug.pdf, id=86, 235.35207pt x 120.81136pt>
File: pics/lexer_html_debug.pdf Graphic file (type pdf)

<use pics/lexer_html_debug.pdf>
Package pdftex.def Info: pics/lexer_html_debug.pdf used on input line 97.
(pdftex.def)             Requested size: 170.71652pt x 87.63483pt.

Overfull \hbox (36.2759pt too wide) in paragraph at lines 97--98
[][] 
 []

[2] [3 <./pics/lexer_html_debug.pdf>]
\tf@thm=\write7
\openout7 = `main.thm'.

 [4]
Package atveryend Info: Empty hook `BeforeClearDocument' on input line 143.
Package atveryend Info: Empty hook `AfterLastShipout' on input line 143.
 (main.aux)
Package atveryend Info: Executing hook `AtVeryEndDocument' on input line 143.
Package atveryend Info: Executing hook `AtEndAfterFileList' on input line 143.
Package rerunfilecheck Info: File `main.out' has not changed.
(rerunfilecheck)             Checksum: F6DF10A9266602BEBD23971151B782F1;894.
Package atveryend Info: Empty hook `AtVeryVeryEnd' on input line 143.
 ) 
Here is how much of TeX's memory you used:
 30296 strings out of 493328
 551035 string characters out of 3139127
 644812 words of memory out of 3000000
 33308 multiletter control sequences out of 15000+200000
 16883 words of font info for 55 fonts, out of 3000000 for 9000
 1141 hyphenation exceptions out of 8191
 57i,6n,54p,10487b,439s stack positions out of 5000i,500n,10000p,200000b,50000s
 <C:\Users\wpsp\AppData\Local\MiKTeX\2.9\fonts\pk\ljfour\jknappen\ec\dpi600\e
cti1000.pk> <C:\Users\wpsp\AppData\Local\MiKTeX\2.9\fonts\pk\ljfour\jknappen\ec
\dpi600\ectt1000.pk> <C:\Users\wpsp\AppData\Local\MiKTeX\2.9\fonts\pk\ljfour\jk
nappen\ec\dpi600\ecbx1200.pk> <C:\Users\wpsp\AppData\Local\MiKTeX\2.9\fonts\pk\
ljfour\jknappen\ec\dpi600\ecrm1000.pk> <C:\Users\wpsp\AppData\Local\MiKTeX\2.9\
fonts\pk\ljfour\jknappen\ec\dpi600\ecbx1000.pk> <C:\Users\wpsp\AppData\Local\Mi
KTeX\2.9\fonts\pk\ljfour\jknappen\ec\dpi600\ecbx1440.pk> <C:\Users\wpsp\AppData
\Local\MiKTeX\2.9\fonts\pk\ljfour\jknappen\ec\dpi600\ecrm1200.pk> <C:\Users\wps
p\AppData\Local\MiKTeX\2.9\fonts\pk\ljfour\jknappen\ec\dpi600\ecrm1728.pk><C:/P
rogram Files/MiKTeX 2.9/fonts/type1/public/amsfonts/cm/cmmi10.pfb><C:/Program F
iles/MiKTeX 2.9/fonts/type1/public/amsfonts/cm/cmmi7.pfb><C:/Program Files/MiKT
eX 2.9/fonts/type1/public/amsfonts/cm/cmr10.pfb><C:/Program Files/MiKTeX 2.9/fo
nts/type1/public/amsfonts/cm/cmr7.pfb><C:/Program Files/MiKTeX 2.9/fonts/type1/
public/amsfonts/cm/cmsy10.pfb>
Output written on main.pdf (4 pages, 155661 bytes).
PDF statistics:
 421 PDF objects out of 1000 (max. 8388607)
 42 named destinations out of 1000 (max. 500000)
 130 words of extra memory for PDF output out of 10000 (max. 10000000)

